<?xml version="1.0" encoding="UTF-8"?>
<testsuite xmlns:xsi="http://www.w3.org/2001/XMLSchema-instance" xsi:noNamespaceSchemaLocation="https://maven.apache.org/surefire/maven-surefire-plugin/xsd/surefire-test-report.xsd" name="classes.BankTest" time="0.197" tests="4" errors="0" skipped="0" failures="0">
  <properties>
[...]
</properties>
  <testcase name="addBranch" classname="classes.BankTest" time="0.018"/>
  <testcase name="addCustomer" classname="classes.BankTest" time="0.002"/>
  <testcase name="addCustomerTransaction" classname="classes.BankTest" time="0.001"/>
  <testcase name="listCustomers" classname="classes.BankTest" time="0.035"/>
</testsuite>